<?xml version="1.0" encoding="UTF-8"?>
<!-- Generated by org.testng.reporters.JUnitXMLReporter -->
<testsuite ignored="0" hostname="Admins-MacBook-Air.local" failures="0" tests="3" name="Default test" time="46.379" errors="0" timestamp="11 Sep 2019 21:41:54 GMT">
  <testcase classname="kz.olx.preConditions" name="startTest" time="15.689"/>
  <testcase classname="kz.olx.preConditions" name="startTest" time="14.821"/>
  <testcase classname="kz.olx.preConditions" name="startTest" time="14.814"/>
</testsuite> <!-- Default test -->
